001 0.0359 98.8956 
002 0.0296 99.0865 
003 0.0228 99.3274 
004 0.0256 99.2671 
005 0.0229 99.2620 
006 0.0219 99.3457 
007 0.0219 99.3090 
008 0.0228 99.3692 
009 0.0200 99.4059 
010 0.0203 99.4111 
011 0.0203 99.4478 
012 0.0251 99.2226 
013 0.0277 99.1599 
014 0.0231 99.2855 
015 0.0220 99.3666 
016 0.0218 99.3247 
017 0.0217 99.3222 
018 0.0209 99.3902 
019 0.0209 99.3849 
020 0.0214 99.3326 
021 0.0225 99.3221 
022 0.0216 99.3352 
023 0.0193 99.4190 
024 0.0204 99.4216 
025 0.0212 99.3797 
026 0.0186 99.4033 
027 0.0194 99.4242 
028 0.0217 99.3745 
029 0.0181 99.4844 
030 0.0207 99.3221 
