001 4.4760 4.8724 
002 3.2673 23.1484 
003 2.1588 44.1276 
004 1.5496 57.9453 
005 1.2140 66.1745 
006 0.9664 72.4531 
007 0.7957 77.0234 
008 0.6842 80.1589 
009 0.5851 82.9740 
010 0.5091 84.8854 
011 0.4557 86.4948 
012 0.4162 87.8750 
013 0.3790 88.8568 
014 0.3373 89.9818 
015 0.3127 90.8307 
016 0.2847 91.4792 
017 0.2740 91.7995 
018 0.2540 92.5104 
019 0.2339 93.0156 
020 0.2222 93.3698 
021 0.2075 93.6771 
022 0.2028 94.0000 
023 0.1883 94.3412 
024 0.1779 94.6536 
025 0.1714 94.9636 
026 0.1568 95.3073 
027 0.1507 95.4818 
028 0.1457 95.6068 
029 0.1422 95.7188 
030 0.1292 96.0469 
