001 4.2371 7.2681 
002 2.7363 31.2395 
003 1.9203 48.0057 
004 1.5073 58.2548 
005 1.2605 64.4158 
006 1.0559 69.7917 
007 0.9233 73.3878 
008 0.8155 76.0286 
009 0.7105 79.0724 
010 0.6526 81.0301 
011 0.5831 82.7680 
012 0.5431 83.8332 
013 0.4977 85.1392 
014 0.4541 86.2961 
015 0.4168 87.5026 
016 0.3917 88.1857 
017 0.3702 88.7615 
018 0.3514 89.5912 
019 0.3328 89.8791 
020 0.3100 90.6721 
021 0.2924 91.1877 
022 0.2798 91.5044 
023 0.2715 91.9415 
024 0.2576 92.3079 
025 0.2335 92.9334 
026 0.2230 93.3469 
027 0.2188 93.3522 
028 0.2154 93.4857 
029 0.1956 94.0248 
030 0.1946 94.1086 
