001 3.5656 17.3443 
002 1.9216 48.8791 
003 1.3306 63.2029 
004 1.0162 71.3002 
005 0.8166 76.6931 
006 0.7021 79.7293 
007 0.5866 83.0555 
008 0.5378 84.3045 
009 0.4549 86.5411 
010 0.4180 87.7770 
011 0.3784 88.8430 
012 0.3480 89.7680 
013 0.3165 90.6590 
014 0.3049 90.9516 
015 0.2725 91.9863 
016 0.2653 92.0673 
017 0.2386 92.8277 
018 0.2297 93.1804 
019 0.2125 93.8153 
020 0.2101 93.7866 
021 0.1968 94.1524 
022 0.1810 94.6044 
023 0.1736 94.7638 
024 0.1656 95.1322 
025 0.1500 95.4667 
026 0.1514 95.4170 
027 0.1408 95.8351 
028 0.1419 95.7724 
029 0.1349 95.8847 
030 0.1304 96.0441 
