001 0.1791 94.5430 
002 0.1786 94.5875 
003 0.1652 94.9932 
004 0.1629 94.9853 
005 0.1549 95.2470 
006 0.1540 95.3622 
007 0.1503 95.4905 
008 0.1481 95.5219 
009 0.1410 95.7024 
010 0.1496 95.4669 
011 0.1387 95.6815 
012 0.1439 95.6685 
013 0.1366 95.8804 
014 0.1366 95.8700 
015 0.1457 95.5481 
016 0.1527 95.4381 
017 0.1438 95.7339 
018 0.1440 95.6580 
019 0.1455 95.6082 
020 0.1456 95.6659 
021 0.1457 95.6737 
022 0.1473 95.4407 
023 0.1415 95.6527 
024 0.1410 95.7915 
025 0.1381 95.8202 
026 0.1390 95.7339 
027 0.1412 95.7757 
028 0.1332 95.9380 
029 0.1374 95.9354 
030 0.1373 95.8857 
