001 2.7540 27.6173 
002 1.6569 53.6223 
003 1.2810 63.2825 
004 1.0417 70.0586 
005 0.8846 74.4294 
006 0.7454 78.3239 
007 0.6633 80.5041 
008 0.5663 83.3490 
009 0.5150 84.5582 
010 0.4565 86.5526 
011 0.4089 87.9345 
012 0.3757 88.8217 
013 0.3393 90.1539 
014 0.3101 90.8711 
015 0.2843 91.5489 
016 0.2677 91.9546 
017 0.2486 92.6298 
018 0.2320 93.0905 
019 0.2219 93.5092 
020 0.2050 93.9515 
021 0.2035 93.9279 
022 0.1877 94.3781 
023 0.1762 94.7629 
024 0.1700 95.0167 
025 0.1674 95.0953 
026 0.1507 95.5036 
027 0.1493 95.5847 
028 0.1475 95.6632 
029 0.1323 96.0009 
030 0.1269 96.1500 
