001 4.2168 7.6921 
002 2.6859 32.3702 
003 1.9283 48.3485 
004 1.5040 58.2234 
005 1.2486 64.8372 
006 1.0597 69.7708 
007 0.9102 73.6573 
008 0.8051 76.5992 
009 0.7211 78.7688 
010 0.6610 80.7030 
011 0.5956 82.4356 
012 0.5546 83.5689 
013 0.4983 85.3015 
014 0.4629 86.0029 
015 0.4240 87.3482 
016 0.4061 87.8612 
017 0.3818 88.5181 
018 0.3557 89.2876 
019 0.3373 89.8765 
020 0.3102 90.6355 
021 0.3033 91.0333 
022 0.2885 91.3029 
023 0.2725 91.7347 
024 0.2543 92.2896 
025 0.2504 92.3864 
026 0.2308 92.9962 
027 0.2262 93.1114 
028 0.2228 93.2187 
029 0.2092 93.7343 
030 0.2088 93.6087 
