001 0.1848 94.3912 
002 0.1771 94.6294 
003 0.1668 95.0194 
004 0.1616 95.1031 
005 0.1585 95.2785 
006 0.1567 95.1974 
007 0.1519 95.5009 
008 0.1485 95.5219 
009 0.1411 95.7836 
010 0.1438 95.6449 
011 0.1381 95.8177 
012 0.1398 95.7941 
013 0.1346 95.9302 
014 0.1316 96.0322 
015 0.1335 95.9145 
016 0.1379 95.7443 
017 0.1294 96.0349 
018 0.1310 96.0322 
019 0.1305 96.0689 
020 0.1265 96.2731 
021 0.1197 96.3620 
022 0.1205 96.2521 
023 0.1171 96.2652 
024 0.1214 96.3044 
025 0.1159 96.4353 
026 0.1192 96.3018 
027 0.1401 95.7286 
028 0.1387 95.7444 
029 0.1403 95.8046 
030 0.1389 95.8281 
