001 0.5962 82.5443 
002 0.5396 83.9922 
003 0.5076 84.9036 
004 0.4907 85.6302 
005 0.4450 86.7786 
006 0.5177 84.7344 
007 0.5183 84.6510 
008 0.4865 85.8984 
009 0.4869 85.7266 
010 0.4593 86.2109 
011 0.4600 86.3307 
012 0.4433 86.8542 
013 0.4305 87.3281 
014 0.4307 87.3073 
015 0.4135 87.7240 
016 0.4080 87.7552 
017 0.4000 88.1354 
018 0.3813 88.6823 
019 0.3814 88.6823 
020 0.3659 89.0052 
021 0.3623 89.1979 
022 0.3461 89.6354 
023 0.3476 89.7552 
024 0.3364 90.0052 
025 0.3365 89.9505 
026 0.3262 90.3411 
027 0.3164 90.4609 
028 0.3075 90.8125 
029 0.3067 90.8750 
030 0.3013 91.0234 
