001 3.7514 7.0026 
002 2.8844 23.7943 
003 2.3850 35.3047 
004 2.0830 42.9818 
005 1.8832 47.9036 
006 1.6918 52.6094 
007 1.5748 55.3490 
008 1.4524 59.1198 
009 1.3713 60.9271 
010 1.2774 63.4089 
011 1.2026 65.6875 
012 1.1395 67.2318 
013 1.0725 69.1458 
014 1.0491 69.6328 
015 0.9492 72.5286 
016 0.9187 73.3854 
017 0.8836 74.4219 
018 0.8364 75.6276 
019 0.7920 76.8464 
020 0.7604 77.5339 
021 0.7428 78.2109 
022 0.7017 79.4948 
023 0.6736 80.3047 
024 0.6462 80.9375 
025 0.6392 81.1693 
026 0.5931 82.4245 
027 0.5818 82.8177 
028 0.5575 83.6979 
029 0.5438 83.7969 
030 0.5271 84.4115 
