001 3.8961 5.2734 
002 3.2227 17.0312 
003 2.5367 32.1276 
004 2.1458 41.5625 
005 1.8668 48.8828 
006 1.6623 53.8594 
007 1.5191 57.6120 
008 1.3784 61.0521 
009 1.2915 63.5781 
010 1.1777 66.3281 
011 1.1118 68.0521 
012 1.0494 69.7604 
013 0.9673 72.3984 
014 0.9108 73.6979 
015 0.8541 75.4375 
016 0.8230 76.2396 
017 0.7737 77.3984 
018 0.7301 78.6693 
019 0.7031 79.6250 
020 0.6545 80.9870 
021 0.6309 81.7083 
022 0.5898 82.5156 
023 0.5737 83.1172 
024 0.5396 84.1354 
025 0.5140 84.9740 
026 0.4961 85.3802 
027 0.4671 86.1823 
028 0.4534 86.5208 
029 0.4281 87.3568 
030 0.4256 87.3255 
