001 1.1458 66.9598 
002 0.9766 71.6342 
003 1.0583 69.4514 
004 1.0043 70.9564 
005 0.9520 72.1158 
006 0.9009 73.5762 
007 0.8861 74.1023 
008 0.8605 74.9162 
009 0.8242 75.9998 
010 0.7808 77.0048 
011 0.7708 77.3843 
012 0.7396 78.0648 
013 0.6979 79.5723 
014 0.6902 79.6483 
015 0.6637 80.4203 
016 0.6407 81.0458 
017 0.6184 81.8023 
018 0.6092 82.0744 
019 0.5651 83.2706 
020 0.5447 83.9013 
021 0.5362 84.0844 
022 0.5303 84.1473 
023 0.5067 85.0843 
024 0.5016 85.0790 
025 0.4911 85.4742 
026 0.4585 86.2856 
027 0.4510 86.5500 
028 0.4470 86.7227 
029 0.4281 86.7724 
030 0.4253 87.2592 
