001 0.2004 93.9803 
002 0.1831 94.3938 
003 0.1810 94.4540 
004 0.1791 94.7289 
005 0.1740 94.8126 
006 0.1628 95.1005 
007 0.1622 95.0848 
008 0.1588 95.1319 
009 0.1599 95.2706 
010 0.1572 95.1685 
011 0.1513 95.3963 
012 0.1528 95.2105 
013 0.1515 95.3308 
014 0.1544 95.2392 
015 0.1481 95.4564 
016 0.1448 95.5611 
017 0.1381 95.9145 
018 0.1463 95.5219 
019 0.1489 95.4826 
020 0.1443 95.6449 
021 0.1368 95.7522 
022 0.1396 95.7339 
023 0.1364 95.8883 
024 0.1394 95.7077 
025 0.1292 96.0061 
026 0.1303 96.0767 
027 0.1285 96.0192 
028 0.1482 95.4355 
029 0.1455 95.5978 
030 0.1489 95.5847 
