001 3.0149 30.4141 
002 0.9775 72.3203 
003 0.5672 83.3802 
004 0.3974 88.3255 
005 0.2994 90.9375 
006 0.2414 92.7682 
007 0.2043 93.8411 
008 0.1689 94.9609 
009 0.1443 95.5807 
010 0.1292 96.1771 
011 0.1112 96.5547 
012 0.1089 96.7344 
013 0.0932 97.1953 
014 0.0858 97.3594 
015 0.0815 97.5807 
016 0.0739 97.7188 
017 0.0682 97.9635 
018 0.0687 97.9479 
019 0.0600 98.2500 
020 0.0548 98.3802 
021 0.0555 98.3151 
022 0.0501 98.5182 
023 0.0498 98.5391 
024 0.0462 98.5521 
025 0.0430 98.7526 
026 0.0392 98.7448 
027 0.0423 98.7812 
028 0.0374 98.8828 
029 0.0374 98.8047 
030 0.0345 98.9714 
