001 2.8843 24.5323 
002 1.7471 51.0452 
003 1.3124 62.5810 
004 1.0568 69.6985 
005 0.8638 74.8119 
006 0.7377 78.3915 
007 0.6479 81.0384 
008 0.5532 83.7845 
009 0.4945 85.5430 
010 0.4309 87.3694 
011 0.3881 88.5504 
012 0.3516 89.6582 
013 0.3159 90.5754 
014 0.2839 91.7067 
015 0.2659 92.3364 
016 0.2385 92.8355 
017 0.2252 93.3345 
018 0.2067 93.7709 
019 0.1878 94.3431 
020 0.1853 94.5391 
021 0.1737 94.9415 
022 0.1659 95.0251 
023 0.1526 95.4379 
024 0.1421 95.8325 
025 0.1465 95.7306 
026 0.1339 96.1068 
027 0.1268 96.1434 
028 0.1241 96.3341 
029 0.1123 96.5797 
030 0.1138 96.5458 
