UCF-101 vggm_s
MEAN TOP1 74.81
MEAN TOP1 71.83
MEAN TOP1 72.13
UCF-101 vggm_d
MEAN TOP1 76.61
MEAN TOP1 75.52
MEAN TOP1 76.98
UCF-101 vggm_sdsel
MEAN TOP1 79.04
MEAN TOP1 77.08
MEAN TOP1 78.03
UCF-101 vgg16_s
MEAN TOP1 81.31
MEAN TOP1 79.51
MEAN TOP1 80.25
UCF-101 vgg16_d
MEAN TOP1 83.61
MEAN TOP1 82.59
MEAN TOP1 82.52
UCF-101 vgg16_sdsel
MEAN TOP1 83.45
MEAN TOP1 81.74
MEAN TOP1 82.60
UCF-101 vggm_s
MEAN CLASS SCORE 74.46
MEAN CLASS SCORE 71.17
MEAN CLASS SCORE 71.73
UCF-101 vggm_d
MEAN CLASS SCORE 76.48
MEAN CLASS SCORE 75.17
MEAN CLASS SCORE 76.43
UCF-101 vggm_sdsel
MEAN CLASS SCORE 78.73
MEAN CLASS SCORE 76.36
MEAN CLASS SCORE 77.35
UCF-101 vgg16_s
MEAN CLASS SCORE 80.97
MEAN CLASS SCORE 79.00
MEAN CLASS SCORE 79.76
UCF-101 vgg16_d
MEAN CLASS SCORE 83.22
MEAN CLASS SCORE 82.20
MEAN CLASS SCORE 82.01
UCF-101 vgg16_sdsel
MEAN CLASS SCORE 83.06
MEAN CLASS SCORE 81.30
MEAN CLASS SCORE 82.18
HMDB51 vggm_s
MEAN TOP1 38.76
MEAN TOP1 38.56
MEAN TOP1 37.91
HMDB51 vggm_d
MEAN TOP1 43.73
MEAN TOP1 39.61
MEAN TOP1 41.76
HMDB51 vggm_sdsel
