001 4.2254 7.9486 
002 2.6585 32.8099 
003 1.9073 48.6678 
004 1.4964 58.1423 
005 1.2624 64.8084 
006 1.0744 69.3101 
007 0.9321 73.0449 
008 0.8422 75.5208 
009 0.7350 78.2846 
010 0.6759 80.1324 
011 0.5971 82.2550 
012 0.5600 83.5061 
013 0.5094 84.8958 
014 0.4727 85.9375 
015 0.4440 87.0132 
016 0.4063 87.7565 
017 0.3859 88.3061 
018 0.3786 88.6882 
019 0.3532 89.5075 
020 0.3269 90.1277 
021 0.3205 90.4811 
022 0.2942 91.1380 
023 0.2779 91.5855 
024 0.2708 91.7766 
025 0.2516 92.3315 
026 0.2315 93.0591 
027 0.2274 93.2606 
028 0.2275 93.1742 
029 0.2112 93.5485 
030 0.2151 93.5694 
