001 1.2676 64.3724 
002 1.2550 64.7057 
003 1.2266 64.9844 
004 1.1888 66.0443 
005 1.1812 66.2943 
006 1.1664 66.8984 
007 1.1599 66.6849 
008 1.1485 67.0260 
009 1.1672 66.8307 
010 1.1582 66.9323 
011 1.1492 67.0833 
012 1.1511 67.5000 
013 1.1356 67.6276 
014 1.1162 68.3385 
015 1.1061 68.5234 
016 1.0988 68.6745 
017 1.0908 68.6432 
018 1.0868 68.8932 
019 1.0630 69.4974 
020 1.0553 69.6667 
021 1.0534 69.5521 
022 1.0487 70.0312 
023 1.0356 70.0807 
024 1.0253 70.6224 
025 1.0320 70.4661 
026 1.0118 70.9661 
027 0.9975 71.4714 
028 0.9829 71.8229 
029 0.9872 71.4245 
030 0.9895 71.6771 
