001 4.2825 6.7106 
002 2.8176 29.7085 
003 1.9794 47.1393 
004 1.5364 57.4618 
005 1.2611 64.6252 
006 1.0634 69.1557 
007 0.9192 73.5134 
008 0.7961 76.8949 
009 0.7062 79.3106 
010 0.6502 80.7737 
011 0.5811 82.6947 
012 0.5350 83.9850 
013 0.4850 85.4507 
014 0.4382 86.9242 
015 0.4126 87.6937 
016 0.3932 88.2669 
017 0.3605 89.1803 
018 0.3414 89.8765 
019 0.3311 90.1486 
020 0.3040 90.8946 
021 0.2788 91.3735 
022 0.2676 91.9205 
023 0.2570 92.2268 
024 0.2409 92.6874 
025 0.2321 93.0250 
026 0.2210 93.2370 
027 0.2174 93.4595 
028 0.1998 93.9856 
029 0.1927 94.1086 
030 0.1896 94.2316 
