001 0.1663 94.9487 
002 0.1596 95.2706 
003 0.1509 95.3884 
004 0.1451 95.6553 
005 0.1441 95.6737 
006 0.1391 95.8831 
007 0.1397 95.7313 
008 0.1387 95.8648 
009 0.1320 96.1291 
010 0.1307 95.9982 
011 0.1334 95.8857 
012 0.1326 95.9459 
013 0.1344 96.0035 
014 0.1239 96.2338 
015 0.1255 96.1866 
016 0.1250 96.2992 
017 0.1196 96.3725 
018 0.1230 96.2180 
019 0.1190 96.4039 
020 0.1246 96.3542 
021 0.1216 96.3306 
022 0.1213 96.3280 
023 0.1201 96.4562 
024 0.1188 96.3254 
025 0.1186 96.4484 
026 0.1111 96.6395 
027 0.1127 96.6473 
028 0.1141 96.5688 
029 0.1093 96.7023 
030 0.1072 96.6892 
