001 2.7694 33.8437 
002 1.1481 68.0276 
003 0.7227 79.0018 
004 0.5270 84.2624 
005 0.4102 87.8743 
006 0.3448 89.8974 
007 0.2898 91.3631 
008 0.2488 92.5958 
009 0.2130 93.6689 
010 0.2001 94.0824 
011 0.1691 94.9173 
012 0.1528 95.4302 
013 0.1356 95.9615 
014 0.1298 96.1134 
015 0.1257 96.2207 
016 0.1117 96.6604 
017 0.1043 96.8698 
018 0.0985 97.0556 
019 0.0887 97.2885 
020 0.0836 97.4272 
021 0.0818 97.5869 
022 0.0793 97.5817 
023 0.0782 97.7021 
024 0.0705 97.8304 
025 0.0695 97.9847 
026 0.0658 98.0214 
027 0.0634 98.0109 
028 0.0610 98.1889 
029 0.0562 98.3328 
030 0.0566 98.2779 
