001 0.0336 98.9741 
002 0.0282 99.1546 
003 0.0248 99.2645 
004 0.0234 99.3457 
005 0.0225 99.3744 
006 0.0209 99.4295 
007 0.0210 99.3666 
008 0.0195 99.4006 
009 0.0198 99.4137 
010 0.0177 99.4739 
011 0.0180 99.4713 
012 0.0186 99.4321 
013 0.0164 99.5027 
014 0.0159 99.5027 
015 0.0190 99.4163 
016 0.0154 99.5211 
017 0.0171 99.4635 
018 0.0163 99.5079 
019 0.0196 99.4006 
020 0.0150 99.5551 
021 0.0171 99.4320 
022 0.0150 99.5210 
023 0.0168 99.5053 
024 0.0156 99.5786 
025 0.0164 99.4949 
026 0.0146 99.6100 
027 0.0141 99.6074 
028 0.0128 99.6310 
029 0.0128 99.6179 
030 0.0183 99.4896 
