001 2.9965 29.0003 
002 1.2048 65.7295 
003 0.7437 78.4516 
004 0.5203 84.5684 
005 0.4131 87.5993 
006 0.3269 90.3324 
007 0.2770 91.7276 
008 0.2285 93.1020 
009 0.2008 93.8702 
010 0.1814 94.5051 
011 0.1588 95.2681 
012 0.1429 95.6809 
013 0.1276 96.0833 
014 0.1179 96.4700 
015 0.1057 96.7234 
016 0.1076 96.6843 
017 0.0947 97.1807 
018 0.0836 97.4995 
019 0.0790 97.6249 
020 0.0768 97.6144 
021 0.0724 97.9123 
022 0.0654 98.0795 
023 0.0663 97.9829 
024 0.0600 98.1083 
025 0.0605 98.1736 
026 0.0580 98.2520 
027 0.0564 98.2363 
028 0.0517 98.4270 
029 0.0517 98.3774 
030 0.0470 98.5551 
