001 1.2535 64.4609 
002 1.1677 66.9714 
003 1.0724 69.2708 
004 0.9961 71.4505 
005 0.9232 73.2604 
006 0.8715 74.8281 
007 0.8262 75.9688 
008 0.7902 77.1562 
009 0.7573 77.8281 
010 0.7229 78.9792 
011 0.6850 79.8490 
012 0.6551 80.7812 
013 0.6144 82.2812 
014 0.5860 83.0547 
015 0.5496 83.7135 
016 0.5290 84.3516 
017 0.5152 84.9167 
018 0.4838 85.6875 
019 0.4605 86.4688 
020 0.4448 86.7917 
021 0.4245 87.3984 
022 0.4159 87.6354 
023 0.4045 88.1771 
024 0.3918 88.4714 
025 0.3693 89.0964 
026 0.3569 89.4948 
027 0.3407 89.7969 
028 0.3287 90.3125 
