001 0.1740 94.8493 
002 0.1647 94.9854 
003 0.1572 95.1947 
004 0.1557 95.3622 
005 0.1512 95.2994 
006 0.1415 95.8543 
007 0.1448 95.6082 
008 0.1428 95.7077 
009 0.1353 95.9589 
010 0.1374 95.7889 
011 0.1301 96.0479 
012 0.1324 96.0427 
013 0.1323 95.9799 
014 0.1278 96.1264 
015 0.1220 96.3018 
016 0.1283 96.1500 
017 0.1222 96.3411 
018 0.1195 96.3384 
019 0.1203 96.2442 
020 0.1200 96.3149 
021 0.1198 96.2914 
022 0.1164 96.4771 
023 0.1194 96.3620 
024 0.1171 96.4693 
025 0.1159 96.4536 
026 0.1132 96.5086 
027 0.1151 96.5007 
028 0.1278 96.1788 
029 0.1290 96.0427 
030 0.1333 95.9249 
