001 1.2416 64.4870 
002 1.2250 65.0391 
003 1.1988 65.5391 
004 1.1819 66.2422 
005 1.1731 66.4036 
006 1.1419 67.6120 
007 1.1280 67.2526 
008 1.0995 68.3880 
009 1.1209 67.8568 
010 1.1483 67.1146 
011 1.1375 67.4167 
012 1.1175 67.9583 
013 1.1237 67.6979 
014 1.1053 68.4531 
015 1.0931 68.5990 
016 1.0940 68.6016 
017 1.0678 69.0365 
018 1.0747 69.2109 
019 1.0662 69.1510 
020 1.0521 69.5547 
021 1.0283 70.0156 
022 1.0314 70.3333 
023 1.0139 70.6432 
024 1.0228 70.5964 
025 1.0258 70.2917 
026 1.0131 70.8958 
027 1.0060 71.2578 
028 0.9905 71.3750 
029 0.9872 71.5000 
030 0.9892 71.5286 
