001 2.7357 28.5071 
002 1.6382 54.5488 
003 1.2470 64.9079 
004 1.0023 71.0845 
005 0.8434 75.6674 
006 0.7351 78.6433 
007 0.6389 81.3599 
008 0.5606 83.5113 
009 0.4923 85.5475 
010 0.4377 87.0734 
011 0.3972 88.5286 
012 0.3611 89.3399 
013 0.3362 90.0048 
014 0.3077 90.9678 
015 0.2838 91.6457 
016 0.2708 91.8028 
017 0.2452 92.8732 
018 0.2300 93.1114 
019 0.2086 93.7265 
020 0.2097 93.8364 
021 0.1924 94.3075 
022 0.1865 94.5351 
023 0.1723 94.8571 
024 0.1617 95.0534 
025 0.1512 95.5167 
026 0.1491 95.5586 
027 0.1372 95.9328 
028 0.1322 95.9904 
029 0.1395 95.8595 
030 0.1258 96.1447 
