001 0.7775 77.1693 
002 0.7598 77.7578 
003 0.7598 77.8984 
004 0.7268 78.5885 
005 0.7397 78.3984 
006 0.7032 79.2865 
007 0.7182 78.6484 
008 0.6970 79.4766 
009 0.7006 79.4661 
010 0.6813 80.3464 
011 0.7073 79.1901 
012 0.6717 80.1901 
013 0.6583 80.6328 
014 0.6640 80.5651 
015 0.6435 80.9635 
016 0.6537 80.7891 
017 0.6217 81.6641 
018 0.6457 81.0312 
019 0.6856 79.9453 
020 0.6766 80.2500 
021 0.6691 80.4062 
022 0.6553 80.5286 
023 0.6493 81.0026 
024 0.6574 80.6875 
025 0.6489 80.7943 
026 0.6578 80.6120 
027 0.6439 81.1120 
028 0.6345 81.1302 
029 0.6342 81.4714 
030 0.6371 81.3646 
