001 4.3615 5.5486 
002 3.1416 23.5710 
003 2.3751 38.2328 
004 1.9300 48.3904 
005 1.6401 55.3470 
006 1.4315 60.3329 
007 1.2751 64.1803 
008 1.1387 67.7685 
009 1.0102 71.0898 
010 0.9449 72.9088 
011 0.8500 75.4528 
012 0.7942 76.9656 
013 0.7285 78.7636 
014 0.6820 79.8812 
015 0.6509 80.8129 
016 0.6125 82.1059 
017 0.5771 82.9093 
018 0.5415 83.9903 
019 0.5260 84.3227 
020 0.4898 85.3722 
021 0.4671 86.1992 
022 0.4401 86.9373 
023 0.4197 87.4241 
024 0.3948 88.2250 
025 0.3844 88.7406 
026 0.3794 88.7955 
