001 4.3621 5.2476 
002 2.9245 27.4602 
003 2.0140 46.2050 
004 1.5559 57.0038 
005 1.2542 64.6173 
006 1.0556 69.9775 
007 0.9298 73.1366 
008 0.7930 76.9446 
009 0.7048 79.4101 
010 0.6345 81.4358 
011 0.5913 82.5822 
012 0.5264 84.4901 
013 0.4842 85.7046 
014 0.4473 86.7201 
015 0.4131 87.8743 
016 0.3846 88.5809 
017 0.3646 89.2091 
018 0.3379 90.0257 
019 0.3215 90.4261 
020 0.3051 90.9339 
021 0.2844 91.4337 
022 0.2710 91.8918 
023 0.2630 92.1430 
024 0.2419 92.6926 
025 0.2392 92.7266 
026 0.2192 93.3574 
027 0.2135 93.5904 
028 0.1999 94.0510 
029 0.1902 94.2106 
030 0.1865 94.2499 
