001 0.8677 74.9062 
002 0.8458 75.4453 
003 0.8348 75.6589 
004 0.8121 76.4323 
005 0.8007 76.7344 
006 0.7904 76.9167 
007 0.7884 76.7917 
008 0.7712 77.3151 
009 0.7716 77.2917 
010 0.7480 78.3464 
011 0.7501 78.0365 
012 0.7304 78.5781 
013 0.7241 78.6823 
014 0.7074 79.2604 
015 0.7164 78.9141 
016 0.7405 78.2995 
017 0.7515 78.0156 
018 0.7485 77.8984 
019 0.7453 78.2214 
020 0.7425 78.1536 
021 0.7335 78.6068 
022 0.7148 79.0755 
023 0.7306 78.6120 
024 0.7125 79.0755 
025 0.7184 78.8490 
026 0.7104 79.2786 
027 0.7005 79.3906 
028 0.6999 79.5938 
029 0.6904 79.6432 
030 0.6989 79.4766 
