001 0.7174 79.1901 
002 0.6995 79.5911 
003 0.7049 79.3880 
004 0.6820 80.2188 
005 0.6791 80.2005 
006 0.6691 80.6615 
007 0.6752 80.2969 
008 0.6655 80.3932 
009 0.6534 80.9740 
010 0.6362 81.2109 
011 0.6491 81.0885 
012 0.6294 81.5104 
013 0.6244 81.9167 
014 0.6220 81.6458 
015 0.6097 81.9896 
016 0.6111 82.0729 
017 0.6179 81.9167 
018 0.6320 81.2005 
019 0.6262 81.8464 
020 0.6152 81.9688 
021 0.6093 82.0990 
022 0.6114 82.1615 
023 0.6233 81.8854 
024 0.6066 82.3229 
025 0.6034 82.2578 
026 0.5939 82.5104 
027 0.5927 82.8359 
028 0.5869 82.6562 
029 0.5906 82.5677 
030 0.5854 82.8385 
