001 0.0307 99.0515 
002 0.0265 99.2083 
003 0.0220 99.3363 
004 0.0211 99.3834 
005 0.0194 99.3860 
006 0.0190 99.4095 
007 0.0209 99.3781 
008 0.0180 99.4513 
009 0.0164 99.4983 
010 0.0163 99.5427 
011 0.0153 99.5036 
012 0.0160 99.5140 
013 0.0156 99.5427 
014 0.0162 99.4957 
015 0.0144 99.5610 
016 0.0145 99.5767 
017 0.0134 99.5689 
018 0.0153 99.5584 
019 0.0145 99.5506 
020 0.0145 99.5480 
021 0.0184 99.4487 
022 0.0183 99.4147 
023 0.0174 99.4957 
024 0.0170 99.4983 
025 0.0185 99.4408 
026 0.0175 99.4382 
027 0.0159 99.4983 
028 0.0157 99.5036 
029 0.0159 99.4853 
030 0.0172 99.4670 
