001 3.0764 27.0407 
002 1.2381 65.3402 
003 0.7593 77.7043 
004 0.5409 83.8995 
005 0.4081 87.9782 
006 0.3356 89.9901 
007 0.2807 91.5709 
008 0.2287 93.1961 
009 0.1983 94.1132 
010 0.1776 94.6593 
011 0.1531 95.4301 
012 0.1446 95.6888 
013 0.1296 96.0964 
014 0.1173 96.5014 
015 0.1054 96.8227 
016 0.1069 96.8227 
017 0.0921 97.1833 
018 0.0864 97.3871 
019 0.0824 97.5047 
020 0.0814 97.6118 
021 0.0700 97.8391 
022 0.0642 98.0456 
023 0.0647 98.0116 
024 0.0630 98.0403 
025 0.0565 98.2938 
026 0.0552 98.3774 
027 0.0547 98.3879 
028 0.0529 98.4270 
029 0.0497 98.5394 
030 0.0460 98.5708 
