001 2.8726 26.2500 
002 1.5499 56.5964 
003 1.1428 67.1693 
004 0.9152 73.2917 
005 0.7518 77.9818 
006 0.6332 81.3646 
007 0.5495 83.9062 
008 0.4682 86.1927 
009 0.4201 87.6328 
010 0.3496 89.6823 
011 0.3298 90.1979 
012 0.2863 91.5495 
013 0.2623 92.1146 
014 0.2343 93.1745 
015 0.2183 93.6302 
016 0.2007 93.9818 
017 0.1856 94.5078 
018 0.1742 94.7865 
019 0.1580 95.3229 
020 0.1424 95.6641 
021 0.1365 95.9401 
022 0.1250 96.2500 
023 0.1220 96.3281 
024 0.1148 96.5417 
025 0.1103 96.6615 
026 0.0945 97.1198 
027 0.0962 97.0885 
028 0.0881 97.3125 
029 0.0880 97.3177 
030 0.0868 97.3932 
