001 3.7303 7.0677 
002 2.8855 23.4219 
003 2.3679 35.7630 
004 2.0785 43.1250 
005 1.8570 48.4896 
006 1.7093 52.2057 
007 1.6033 55.0625 
008 1.4644 58.8281 
009 1.3772 61.2682 
010 1.2791 63.8229 
011 1.2151 65.6901 
012 1.1318 67.8229 
013 1.0801 69.0339 
014 1.0244 70.5573 
015 0.9869 71.6927 
016 0.9219 73.3698 
017 0.8849 74.2995 
018 0.8484 75.4740 
019 0.7950 76.9922 
020 0.7620 77.5521 
021 0.7498 78.0859 
022 0.7107 79.3203 
023 0.6772 80.0260 
024 0.6584 80.6354 
025 0.6373 81.3880 
026 0.6011 82.3646 
027 0.5747 83.0339 
028 0.5603 83.2917 
029 0.5478 83.7422 
030 0.5331 84.4115 
