001 3.8064 5.7604 
002 3.0089 20.5156 
003 2.4496 33.7370 
004 2.0992 42.1302 
005 1.8719 48.1562 
006 1.7038 52.5052 
007 1.5693 55.9844 
008 1.4508 59.0339 
009 1.3382 62.0391 
010 1.2420 64.3906 
011 1.1687 66.5104 
012 1.0845 68.9062 
013 1.0307 70.3516 
014 0.9652 72.2005 
015 0.9314 73.1927 
016 0.8899 74.3646 
017 0.8323 75.6276 
018 0.8038 76.4089 
019 0.7669 77.6823 
020 0.7346 78.4948 
021 0.6805 80.2005 
022 0.6650 80.2760 
023 0.6243 81.3854 
024 0.6096 82.1615 
025 0.5931 82.5703 
026 0.5645 83.2943 
027 0.5202 84.7005 
028 0.5169 84.7109 
029 0.5008 85.0677 
030 0.4804 85.7214 
