001 1.5626 56.5938 
002 1.5348 57.2865 
003 1.5180 57.7161 
004 1.4694 58.9349 
005 1.4441 59.4401 
006 1.4562 59.4375 
007 1.4622 59.2839 
008 1.4455 59.5469 
009 1.4349 60.0599 
010 1.4045 60.9036 
011 1.4032 60.4401 
012 1.3794 61.3984 
013 1.3802 61.5260 
014 1.3667 61.6615 
015 1.3481 62.2682 
016 1.3417 62.5755 
017 1.3185 62.8698 
018 1.3213 62.9479 
019 1.3041 63.6016 
020 1.2847 63.8724 
021 1.2703 64.2630 
022 1.2601 64.6328 
023 1.2495 64.7448 
024 1.2348 65.1406 
025 1.2209 65.5651 
026 1.2014 66.2943 
027 1.1959 66.3802 
028 1.1873 66.4922 
029 1.1936 66.2786 
030 1.1800 66.4974 
