001 3.7892 6.0729 
002 2.9543 21.7682 
003 2.3912 34.5677 
004 2.0974 42.2214 
005 1.8849 47.7786 
006 1.7279 51.6406 
007 1.5918 54.9427 
008 1.4684 58.4401 
009 1.3706 61.2917 
010 1.2739 63.5677 
011 1.2042 65.6328 
012 1.1304 67.6354 
013 1.0729 69.0130 
014 1.0311 70.3620 
015 0.9709 71.8646 
016 0.9062 73.6589 
017 0.8763 74.2969 
018 0.8438 75.1901 
019 0.8258 76.0703 
020 0.7815 77.2422 
021 0.7335 78.4349 
022 0.7067 79.0964 
023 0.6876 79.6953 
024 0.6636 80.3932 
025 0.6298 81.4635 
026 0.6054 82.1875 
027 0.5736 83.1380 
028 0.5519 83.7344 
029 0.5593 83.5677 
030 0.5355 83.9297 
