001 4.3421 5.9412 
002 2.8721 28.6537 
003 2.0271 46.1474 
004 1.5800 56.7551 
005 1.2939 63.4919 
006 1.0864 68.7081 
007 0.9693 71.9980 
008 0.8370 75.5601 
009 0.7517 78.0570 
010 0.6746 80.5617 
011 0.6046 82.0796 
012 0.5656 83.2077 
013 0.5120 84.8958 
014 0.4679 86.0212 
015 0.4504 86.5369 
016 0.4086 87.8062 
017 0.3909 88.3218 
018 0.3532 89.5127 
019 0.3491 89.8111 
020 0.3253 90.3293 
021 0.3138 90.7166 
022 0.2888 91.3474 
023 0.2812 91.5175 
024 0.2709 91.7897 
025 0.2649 92.1744 
026 0.2574 92.4231 
027 0.2325 93.0093 
028 0.2202 93.3679 
029 0.2155 93.5197 
030 0.2102 93.5642 
