001 2.8553 26.3307 
002 1.5387 57.0391 
003 1.1198 67.9844 
004 0.8881 74.1276 
005 0.7330 78.3438 
006 0.6064 82.3073 
007 0.5306 84.5000 
008 0.4646 86.4870 
009 0.3985 88.2865 
010 0.3524 89.4766 
011 0.3209 90.6953 
012 0.2906 91.4792 
013 0.2672 92.1172 
014 0.2347 92.9323 
015 0.2180 93.4245 
016 0.1957 94.2161 
017 0.1898 94.3698 
018 0.1632 95.0677 
019 0.1528 95.4896 
020 0.1461 95.6146 
021 0.1443 95.7083 
022 0.1339 96.0182 
023 0.1257 96.2318 
024 0.1185 96.2969 
025 0.1108 96.6510 
026 0.1080 96.7552 
027 0.0966 97.1068 
028 0.0944 97.1224 
029 0.0936 97.1068 
030 0.0885 97.3177 
