001 2.9182 23.9392 
002 1.7128 52.5110 
003 1.2761 63.4432 
004 1.0332 70.1453 
005 0.8555 75.1698 
006 0.7128 79.0421 
007 0.6269 81.5557 
008 0.5519 83.7793 
009 0.4730 86.0891 
010 0.4169 87.5915 
011 0.3817 88.8012 
012 0.3376 89.9091 
013 0.3008 91.0326 
014 0.2789 91.8217 
015 0.2581 92.3887 
016 0.2356 93.0680 
017 0.2206 93.4730 
018 0.2078 93.9042 
019 0.1970 94.1498 
020 0.1758 94.7560 
021 0.1680 94.9545 
022 0.1622 95.3830 
023 0.1521 95.4849 
024 0.1487 95.5555 
025 0.1366 95.8926 
026 0.1394 95.8272 
027 0.1191 96.4883 
028 0.1232 96.3812 
029 0.1156 96.5588 
030 0.1118 96.6503 
