001 0.2155 93.5339 
002 0.2068 93.9792 
003 0.1933 94.2344 
004 0.1951 94.1797 
005 0.1861 94.4948 
006 0.1868 94.2787 
007 0.1773 94.6927 
008 0.1800 94.5339 
009 0.1706 94.8099 
010 0.1750 94.8620 
011 0.1744 94.7292 
012 0.1711 94.8516 
013 0.1700 95.0026 
014 0.1646 94.9531 
015 0.1685 94.9323 
016 0.1603 95.1250 
017 0.1607 95.1849 
018 0.1647 95.0729 
019 0.1730 94.8463 
020 0.1777 94.6276 
021 0.1746 94.7578 
022 0.1690 94.9141 
023 0.1654 95.0365 
024 0.1716 94.6979 
025 0.1650 95.0807 
026 0.1653 94.9688 
027 0.1631 95.1797 
028 0.1623 95.1589 
029 0.1635 95.0885 
030 0.1581 95.3438 
