001 0.6638 80.4426 
002 0.5948 82.4493 
003 0.5464 83.7871 
004 0.5019 84.9838 
005 0.4563 86.1779 
006 0.5593 83.5154 
007 0.5414 83.9569 
008 0.5205 84.3750 
009 0.5186 84.6729 
010 0.4940 85.3418 
011 0.4803 85.8278 
012 0.4632 86.2798 
013 0.4452 86.7161 
014 0.4331 86.9199 
015 0.4275 87.2570 
016 0.4106 87.8397 
017 0.4074 87.9050 
018 0.3920 88.2133 
019 0.3796 88.6444 
020 0.3758 88.9632 
021 0.3716 89.0965 
022 0.3570 89.1644 
023 0.3460 89.6112 
024 0.3400 89.9875 
025 0.3428 89.7000 
026 0.3250 90.3533 
027 0.3207 90.3036 
028 0.3165 90.5231 
029 0.2975 91.0561 
030 0.3002 90.9830 
