001 0.9174 73.5781 
002 0.8957 74.0833 
003 0.8736 74.6510 
004 0.8634 74.7708 
005 0.8506 75.4609 
006 0.8478 75.4479 
007 0.8375 75.8255 
008 0.8304 75.7786 
009 0.8323 75.7969 
010 0.7993 76.7786 
011 0.8045 76.5677 
012 0.7798 77.4427 
013 0.7792 77.1302 
014 0.7789 77.1562 
015 0.7744 77.4792 
016 0.8076 76.5000 
017 0.7996 76.7474 
018 0.7891 77.1484 
019 0.7885 77.0729 
020 0.7832 77.1979 
021 0.7816 77.4115 
022 0.7640 77.6693 
023 0.7691 77.4818 
024 0.7622 77.6927 
025 0.7647 77.5052 
026 0.7555 77.8464 
027 0.7530 78.0312 
028 0.7436 78.4740 
029 0.7430 78.2969 
030 0.7495 78.2214 
