001 0.9863 71.5547 
002 0.9639 72.2552 
003 0.9419 72.6979 
004 0.9170 73.4948 
005 0.9143 73.5000 
006 0.8925 74.2318 
007 0.8940 73.7448 
008 0.9043 73.9714 
009 0.8827 74.4688 
010 0.8773 74.5885 
011 0.8596 75.0495 
012 0.8399 75.6979 
013 0.8504 75.1484 
014 0.8655 75.2812 
015 0.8709 74.6146 
016 0.8602 74.8203 
017 0.8446 75.4714 
018 0.8659 74.9453 
019 0.8432 75.7578 
020 0.8325 75.7656 
021 0.8393 75.6094 
022 0.8251 75.9635 
023 0.8166 76.3229 
024 0.8177 76.1250 
025 0.8148 76.2135 
026 0.8087 76.6953 
027 0.7928 76.6719 
028 0.7799 77.1979 
029 0.7981 76.9245 
030 0.7806 77.1953 
