001 3.8164 12.5575 
002 2.1176 44.3379 
003 1.3624 61.7736 
004 1.0175 71.1748 
005 0.7988 76.8473 
006 0.6472 80.7849 
007 0.5555 83.7714 
008 0.4723 86.0864 
009 0.4159 87.8057 
010 0.3680 89.1304 
011 0.3320 90.1286 
012 0.2963 91.2416 
013 0.2634 92.2215 
014 0.2401 92.9087 
015 0.2324 93.0628 
016 0.2082 93.8205 
017 0.1950 94.2151 
018 0.1864 94.4659 
019 0.1771 94.7481 
020 0.1639 95.2289 
021 0.1490 95.6861 
022 0.1404 95.8952 
023 0.1390 95.8220 
024 0.1249 96.2976 
025 0.1217 96.4334 
026 0.1203 96.3864 
027 0.1132 96.5928 
028 0.1043 96.9534 
029 0.1070 96.7888 
030 0.0976 97.1337 
