001 0.1812 94.4226 
002 0.1658 94.9984 
003 0.1530 95.4826 
004 0.1516 95.4486 
005 0.1478 95.4512 
006 0.1482 95.4800 
007 0.1435 95.6527 
008 0.1405 95.8569 
009 0.1323 96.0453 
010 0.1339 95.9249 
011 0.1323 95.8962 
012 0.1334 95.9040 
013 0.1344 95.7810 
014 0.1315 96.0035 
015 0.1267 96.2024 
016 0.1266 96.1553 
017 0.1261 96.0793 
018 0.1293 96.1160 
019 0.1307 96.2181 
020 0.1206 96.4694 
021 0.1258 96.1946 
022 0.1215 96.3908 
023 0.1228 96.2965 
024 0.1245 96.1735 
025 0.1172 96.4484 
026 0.1224 96.3463 
027 0.1169 96.4117 
028 0.1088 96.6761 
029 0.1079 96.6787 
030 0.1155 96.5766 
