001 2.7824 33.4380 
002 1.1101 68.7081 
003 0.7032 79.5671 
004 0.5012 85.1602 
005 0.4032 87.9842 
006 0.3320 90.1016 
007 0.2793 91.7399 
008 0.2484 92.6507 
009 0.2080 93.6898 
010 0.1861 94.4461 
011 0.1623 95.1240 
012 0.1518 95.4591 
013 0.1354 95.9459 
014 0.1216 96.3934 
015 0.1159 96.5086 
016 0.1086 96.7782 
017 0.1029 96.9299 
018 0.0950 97.1393 
019 0.0881 97.2938 
020 0.0850 97.3723 
021 0.0860 97.4875 
022 0.0789 97.6156 
023 0.0742 97.8539 
024 0.0685 98.0083 
025 0.0682 97.9167 
026 0.0587 98.1339 
027 0.0598 98.2229 
028 0.0573 98.2726 
029 0.0536 98.3459 
030 0.0540 98.3747 
