001 2.6660 35.5606 
002 1.1220 68.9123 
003 0.6995 79.6326 
004 0.5135 84.8147 
005 0.4107 87.9449 
006 0.3349 90.0832 
007 0.2797 91.7819 
008 0.2369 93.0250 
009 0.2054 93.9385 
010 0.1837 94.5404 
011 0.1638 95.0246 
012 0.1514 95.4015 
013 0.1373 95.9118 
014 0.1252 96.2652 
015 0.1116 96.5897 
016 0.1104 96.7206 
017 0.0975 96.9745 
018 0.0956 97.1944 
019 0.0898 97.4429 
020 0.0898 97.3487 
021 0.0776 97.6340 
022 0.0759 97.6915 
023 0.0742 97.7099 
024 0.0685 97.9376 
025 0.0644 98.1312 
026 0.0632 98.0763 
027 0.0615 98.1837 
028 0.0591 98.1705 
029 0.0573 98.2334 
030 0.0529 98.3694 
