001 3.8728 5.4609 
002 3.1839 18.0677 
003 2.5598 31.7734 
004 2.1579 41.5104 
005 1.8658 49.0703 
006 1.6976 53.0859 
007 1.5353 57.2552 
008 1.3966 60.9193 
009 1.2832 63.8750 
010 1.1865 66.5521 
011 1.1121 68.3802 
012 1.0338 70.4635 
013 0.9804 72.2448 
014 0.9256 73.3984 
015 0.8710 74.8359 
016 0.8202 76.3073 
017 0.7786 77.3802 
018 0.7357 78.6458 
019 0.6951 79.8438 
020 0.6443 81.2318 
021 0.6373 81.4427 
022 0.5992 82.3776 
023 0.5777 83.1068 
024 0.5510 83.8698 
025 0.5179 84.8438 
026 0.4920 85.4844 
027 0.4710 86.1354 
028 0.4532 86.4844 
029 0.4495 86.6016 
030 0.4326 87.3698 
