001 0.0725 97.8339 
002 0.0576 98.2912 
003 0.0577 98.2624 
004 0.0495 98.5002 
005 0.0453 98.5995 
006 0.0462 98.5420 
007 0.0420 98.6596 
008 0.0420 98.6413 
009 0.0403 98.8033 
010 0.0402 98.7876 
011 0.0375 98.8895 
012 0.0379 98.8164 
013 0.0336 98.9758 
014 0.0344 98.9627 
015 0.0495 98.4793 
016 0.0532 98.3565 
017 0.0497 98.5342 
018 0.0464 98.6256 
019 0.0450 98.7014 
020 0.0505 98.4793 
021 0.0495 98.5290 
022 0.0465 98.6335 
023 0.0457 98.6936 
024 0.0465 98.5786 
025 0.0419 98.7563 
026 0.0387 98.8530 
027 0.0434 98.7145 
028 0.0392 98.7850 
029 0.0404 98.7772 
030 0.0398 98.7798 
