001 3.5982 18.5677 
002 1.5469 58.1094 
003 0.9291 73.6875 
004 0.6618 80.8203 
005 0.4890 85.5573 
006 0.3890 88.5234 
007 0.3240 90.4401 
008 0.2761 91.7891 
009 0.2355 92.8620 
010 0.2098 93.7422 
011 0.1777 94.7812 
012 0.1683 94.9453 
013 0.1520 95.4115 
014 0.1370 95.8932 
015 0.1215 96.4714 
016 0.1171 96.4818 
017 0.1044 96.9609 
018 0.1049 96.8542 
019 0.0944 97.1510 
020 0.0889 97.3125 
021 0.0880 97.3073 
022 0.0783 97.6380 
023 0.0721 97.8698 
024 0.0683 97.8906 
025 0.0657 98.0104 
026 0.0637 98.0911 
027 0.0590 98.2552 
028 0.0568 98.2474 
029 0.0566 98.2396 
030 0.0506 98.5052 
