001 0.1747 94.5980 
002 0.1712 94.7995 
003 0.1568 95.1764 
004 0.1537 95.3622 
005 0.1525 95.3177 
006 0.1480 95.4486 
007 0.1536 95.4643 
008 0.1477 95.4094 
009 0.1408 95.7993 
010 0.1459 95.5533 
011 0.1339 95.9746 
012 0.1369 95.8281 
013 0.1318 95.9747 
014 0.1284 96.0636 
015 0.1302 96.0061 
016 0.1360 95.9537 
017 0.1312 96.0166 
018 0.1324 95.9851 
019 0.1307 96.0296 
020 0.1233 96.2835 
021 0.1215 96.2966 
022 0.1230 96.1553 
023 0.1252 96.1343 
024 0.1182 96.5348 
025 0.1232 96.2573 
026 0.1172 96.3568 
027 0.1187 96.3830 
028 0.1107 96.5688 
029 0.1205 96.3044 
030 0.1304 96.0401 
