001 3.8272 5.5286 
002 3.0187 20.7500 
003 2.4545 33.1589 
004 2.1379 41.3411 
005 1.9088 46.6354 
006 1.7489 51.0000 
007 1.6053 54.6719 
008 1.4808 57.9323 
009 1.3872 60.8099 
010 1.2869 63.2500 
011 1.2213 65.2057 
012 1.1454 67.1328 
013 1.0916 68.7161 
014 1.0359 70.2552 
015 1.0118 70.7760 
016 0.9384 72.9245 
017 0.9042 73.5547 
018 0.8574 74.9922 
019 0.8079 76.5521 
020 0.8042 76.7161 
021 0.7553 77.9740 
022 0.7199 78.8203 
023 0.6742 80.0703 
024 0.6750 80.2422 
025 0.6390 81.2734 
026 0.6022 82.1615 
027 0.6210 81.8750 
028 0.5643 83.3620 
029 0.5573 83.5964 
030 0.5198 84.6172 
