001 2.9315 30.1010 
002 1.2141 66.4363 
003 0.7331 78.9939 
004 0.5315 84.4692 
005 0.4200 87.6073 
006 0.3461 89.7613 
007 0.2858 91.3945 
008 0.2380 92.8732 
009 0.1934 94.2682 
010 0.1799 94.5325 
011 0.1669 95.0560 
012 0.1455 95.6685 
013 0.1414 95.6580 
014 0.1296 96.1552 
015 0.1132 96.6080 
016 0.1191 96.3960 
017 0.0943 97.1132 
018 0.0982 97.0713 
019 0.0849 97.5214 
020 0.0848 97.4194 
021 0.0750 97.7649 
022 0.0737 97.7099 
023 0.0726 97.8146 
024 0.0615 98.1260 
025 0.0675 97.9899 
026 0.0614 98.1994 
027 0.0588 98.2543 
028 0.0600 98.1810 
029 0.0483 98.5605 
030 0.0489 98.5422 
