001 0.0549 98.3380 
002 0.0465 98.5815 
003 0.0380 98.9165 
004 0.0405 98.8196 
005 0.0361 98.8563 
006 0.0371 98.8667 
007 0.0369 98.8955 
008 0.0328 99.0264 
009 0.0278 99.1468 
010 0.0307 99.0578 
011 0.0283 99.1442 
012 0.0299 99.1075 
013 0.0293 99.0840 
014 0.0278 99.1677 
015 0.0246 99.2698 
016 0.0362 98.8824 
017 0.0361 98.8641 
018 0.0342 98.9583 
019 0.0369 98.9007 
020 0.0331 98.9348 
021 0.0355 98.8772 
022 0.0355 98.9400 
023 0.0338 98.9871 
024 0.0338 99.0107 
025 0.0303 99.0787 
026 0.0285 99.1232 
027 0.0322 99.0316 
028 0.0343 98.9505 
029 0.0287 99.1206 
030 0.0316 99.0290 
