001 0.4901 85.6589 
002 0.4462 86.8880 
003 0.4138 87.5443 
004 0.3870 88.5260 
005 0.3693 89.1016 
006 0.3476 89.6719 
007 0.4025 88.1458 
008 0.4011 88.2865 
009 0.3876 88.5469 
010 0.3770 88.7448 
011 0.3772 88.8828 
012 0.3693 89.0859 
013 0.3556 89.5651 
014 0.3458 89.6562 
015 0.3426 89.8047 
016 0.3277 90.1953 
017 0.3323 90.1953 
018 0.3178 90.6016 
019 0.3080 90.8646 
020 0.2949 91.3151 
021 0.3001 91.1901 
022 0.2948 91.2005 
023 0.2889 91.4245 
024 0.2876 91.4323 
025 0.2775 91.8802 
026 0.2695 92.0156 
027 0.2720 91.8646 
028 0.2565 92.4349 
029 0.2588 92.2135 
030 0.2659 92.1016 
