001 4.4695 4.1065 
002 3.4580 17.3341 
003 2.7192 30.5329 
004 2.2531 40.5072 
005 1.9135 48.1941 
006 1.6798 53.9521 
007 1.5036 58.1580 
008 1.3353 62.7120 
009 1.2258 65.3606 
010 1.1030 68.7971 
011 1.0289 70.6030 
012 0.9556 72.7177 
013 0.8666 75.1230 
014 0.8082 76.6777 
015 0.7654 77.8424 
016 0.7137 79.3473 
017 0.6772 80.1848 
018 0.6430 81.4018 
019 0.6104 82.2001 
020 0.5784 83.2784 
021 0.5487 84.1316 
022 0.5165 84.7466 
023 0.4888 85.7307 
024 0.4647 86.5499 
025 0.4535 86.5840 
026 0.4309 87.2880 
027 0.4154 87.9371 
028 0.3890 88.5181 
029 0.3875 88.6804 
030 0.3602 89.4394 
