001 0.0360 98.9104 
002 0.0292 99.1090 
003 0.0232 99.2998 
004 0.0218 99.3729 
005 0.0255 99.2658 
006 0.0226 99.2998 
007 0.0206 99.3912 
008 0.0203 99.3781 
009 0.0181 99.4147 
010 0.0182 99.4827 
011 0.0182 99.4408 
012 0.0207 99.3912 
013 0.0190 99.4173 
014 0.0162 99.5271 
015 0.0172 99.4853 
016 0.0161 99.4879 
017 0.0160 99.4774 
018 0.0175 99.4565 
019 0.0171 99.4905 
020 0.0164 99.4957 
021 0.0225 99.3285 
022 0.0222 99.3520 
023 0.0237 99.3233 
024 0.0215 99.3416 
025 0.0229 99.3102 
026 0.0201 99.3442 
027 0.0215 99.3755 
028 0.0191 99.4330 
029 0.0195 99.4252 
030 0.0205 99.3598 
