001 0.2725 91.8734 
002 0.2581 92.1980 
003 0.2482 92.5958 
004 0.2407 92.8025 
005 0.2401 92.7764 
006 0.2324 92.9046 
007 0.2335 92.9962 
008 0.2226 93.2449 
009 0.2149 93.5275 
010 0.2233 93.2370 
011 0.2110 93.4909 
012 0.2051 93.7369 
013 0.2061 93.8050 
014 0.2052 93.8337 
015 0.1982 94.1007 
016 0.2008 93.9437 
017 0.1949 94.1007 
018 0.1922 94.2080 
019 0.1971 93.9358 
020 0.1917 94.1269 
021 0.1935 94.1164 
022 0.1939 93.9698 
023 0.1838 94.4881 
024 0.1822 94.5457 
025 0.1843 94.3886 
026 0.1808 94.4200 
027 0.1828 94.3101 
028 0.1784 94.6713 
029 0.1752 94.6582 
030 0.1791 94.5143 
