001 0.9290 72.9609 
002 0.9109 73.6198 
003 0.8929 73.9870 
004 0.8618 74.8411 
005 0.8652 74.5625 
006 0.8435 75.4844 
007 0.8448 75.3828 
008 0.8277 75.7500 
009 0.8348 75.6458 
010 0.8150 76.0651 
011 0.8187 76.0339 
012 0.8008 76.6172 
013 0.7916 76.8490 
014 0.7985 76.4870 
015 0.8240 76.0755 
016 0.8235 75.8646 
017 0.8036 76.5208 
018 0.8125 76.1484 
019 0.7881 77.0026 
020 0.7801 77.2031 
021 0.7932 76.6432 
022 0.7761 77.0911 
023 0.7681 77.5755 
024 0.7737 77.4479 
025 0.7824 77.1406 
026 0.7593 77.8047 
027 0.7363 78.3385 
028 0.7567 77.8724 
029 0.7389 78.3724 
030 0.7522 77.9141 
