001 2.6960 29.1981 
002 1.5984 55.4517 
003 1.2414 64.4865 
004 1.0070 70.8987 
005 0.8568 74.9791 
006 0.7183 79.0175 
007 0.6358 81.3050 
008 0.5635 83.2731 
009 0.4994 85.2544 
010 0.4431 87.0001 
011 0.4040 88.0785 
012 0.3653 89.1149 
013 0.3285 90.2220 
014 0.3112 90.7768 
015 0.2886 91.5384 
016 0.2627 92.1220 
017 0.2417 92.7607 
018 0.2360 92.8314 
019 0.2192 93.4543 
020 0.1951 94.2342 
021 0.1917 94.2368 
022 0.1820 94.6190 
023 0.1699 94.7707 
024 0.1740 94.8832 
025 0.1642 95.0115 
026 0.1530 95.2968 
027 0.1424 95.7076 
028 0.1380 95.7967 
029 0.1340 95.8778 
030 0.1303 96.1107 
