001 0.1705 94.8724 
002 0.1580 95.1875 
003 0.1512 95.4010 
004 0.1488 95.3906 
005 0.1435 95.6224 
006 0.1419 95.8021 
007 0.1431 95.6953 
008 0.1404 95.7969 
009 0.1391 95.8776 
010 0.1410 95.7630 
011 0.1330 96.0338 
012 0.1366 96.0365 
013 0.1307 95.9896 
014 0.1305 96.0521 
015 0.1301 96.0807 
016 0.1273 96.1979 
017 0.1269 96.0911 
018 0.1244 96.2552 
019 0.1219 96.2682 
020 0.1250 96.2135 
021 0.1187 96.3568 
022 0.1232 96.3047 
023 0.1314 95.9792 
024 0.1383 95.7370 
025 0.1302 96.0807 
026 0.1256 96.2656 
027 0.1306 96.0416 
028 0.1318 95.9922 
029 0.1308 96.0417 
030 0.1315 95.9896 
