001 2.9414 30.1238 
002 1.1675 66.9759 
003 0.7157 78.9899 
004 0.5026 85.3026 
005 0.3844 88.7045 
006 0.3127 90.8471 
007 0.2567 92.2842 
008 0.2214 93.2849 
009 0.1893 94.3797 
010 0.1743 94.7664 
011 0.1513 95.4249 
012 0.1409 95.7488 
013 0.1287 96.0572 
014 0.1182 96.4595 
015 0.0970 97.1337 
016 0.0965 97.0788 
017 0.0922 97.2408 
018 0.0855 97.3897 
019 0.0805 97.7033 
020 0.0737 97.7399 
021 0.0700 97.8783 
022 0.0668 97.9593 
023 0.0645 98.0795 
024 0.0585 98.2337 
025 0.0551 98.3016 
026 0.0563 98.3330 
027 0.0550 98.3513 
028 0.0496 98.4950 
029 0.0507 98.5028 
030 0.0481 98.5133 
