001 0.0438 98.6979 
002 0.0346 98.9167 
003 0.0302 99.0729 
004 0.0284 99.1927 
005 0.0287 99.1589 
006 0.0254 99.2448 
007 0.0263 99.2214 
008 0.0256 99.2214 
009 0.0249 99.2786 
010 0.0248 99.2682 
011 0.0238 99.3125 
012 0.0235 99.2891 
013 0.0232 99.2734 
014 0.0229 99.2943 
015 0.0215 99.3464 
016 0.0218 99.3281 
017 0.0217 99.2943 
018 0.0192 99.4167 
019 0.0216 99.3542 
020 0.0243 99.2656 
021 0.0252 99.2552 
022 0.0275 99.1615 
023 0.0274 99.1484 
024 0.0246 99.3125 
025 0.0283 99.1536 
026 0.0282 99.1328 
027 0.0248 99.2708 
028 0.0259 99.2448 
029 0.0248 99.2031 
030 0.0257 99.2161 
