001 4.2502 7.7052 
002 2.6592 32.9538 
003 1.8589 50.0916 
004 1.4817 58.9510 
005 1.2166 65.7742 
006 1.0248 70.6946 
007 0.9013 74.0421 
008 0.7965 76.8138 
009 0.7066 79.4546 
010 0.6312 81.4620 
011 0.5701 83.2600 
012 0.5345 84.2860 
013 0.4883 85.4455 
014 0.4520 86.6887 
015 0.4386 86.9740 
016 0.4009 87.8324 
017 0.3718 88.8714 
018 0.3478 89.6121 
019 0.3353 89.9419 
020 0.3182 90.4078 
021 0.2944 91.2584 
022 0.2958 91.2610 
023 0.2767 91.7164 
024 0.2556 92.2660 
025 0.2441 92.8104 
026 0.2308 93.0695 
027 0.2149 93.4804 
028 0.2130 93.5354 
029 0.2092 93.6322 
030 0.1969 93.9515 
