001 2.9357 29.8105 
002 1.1940 66.6353 
003 0.7240 79.1431 
004 0.5211 84.5922 
005 0.4077 88.0104 
006 0.3474 89.8922 
007 0.2787 91.6562 
008 0.2349 92.9779 
009 0.2106 93.7448 
010 0.1856 94.4435 
011 0.1649 95.0272 
012 0.1457 95.6972 
013 0.1442 95.6685 
014 0.1202 96.3280 
015 0.1187 96.3306 
016 0.1025 96.8776 
017 0.1005 97.0660 
018 0.0941 97.2571 
019 0.0925 97.1550 
020 0.0872 97.4036 
021 0.0778 97.7518 
022 0.0785 97.6680 
023 0.0752 97.7308 
024 0.0651 98.0240 
025 0.0661 97.9821 
026 0.0605 98.1653 
027 0.0592 98.2177 
028 0.0529 98.3878 
029 0.0534 98.4637 
030 0.0488 98.5265 
