001 0.9199 73.5160 
002 0.8142 76.4159 
003 0.7543 78.0674 
004 0.7996 76.6698 
005 0.7748 77.3294 
006 0.7463 78.4050 
007 0.7225 78.8369 
008 0.6936 79.7294 
009 0.6703 80.3078 
010 0.6423 80.8575 
011 0.6268 81.5641 
012 0.6006 82.2367 
013 0.5981 82.3178 
014 0.5730 82.9878 
015 0.5589 83.5008 
016 0.5492 83.8515 
017 0.5244 84.5137 
018 0.5148 84.7414 
019 0.4971 85.0895 
020 0.4774 85.8276 
021 0.4692 86.0344 
022 0.4530 86.3667 
023 0.4432 86.7044 
024 0.4366 87.0315 
025 0.4222 87.3037 
