001 0.0872 97.3775 
002 0.0683 97.9926 
003 0.0630 98.1365 
004 0.0553 98.4061 
005 0.0573 98.3224 
006 0.0555 98.3171 
007 0.0467 98.5998 
008 0.0463 98.6469 
009 0.0432 98.7044 
010 0.0434 98.6364 
011 0.0556 98.3119 
012 0.0587 98.1784 
013 0.0549 98.3119 
014 0.0523 98.4532 
015 0.0529 98.4611 
016 0.0546 98.3328 
017 0.0549 98.3040 
018 0.0539 98.4611 
019 0.0510 98.4401 
020 0.0474 98.5134 
021 0.0514 98.4715 
022 0.0456 98.6547 
023 0.0461 98.5841 
024 0.0450 98.6155 
025 0.0449 98.6024 
026 0.0423 98.7359 
027 0.0433 98.6154 
028 0.0464 98.5658 
029 0.0469 98.5632 
030 0.0424 98.6547 
