001 0.0721 97.7911 
002 0.0586 98.2988 
003 0.0545 98.3119 
004 0.0472 98.6076 
005 0.0470 98.5998 
006 0.0470 98.5631 
007 0.0407 98.7280 
008 0.0407 98.7883 
009 0.0396 98.7961 
010 0.0381 98.8929 
011 0.0407 98.8065 
012 0.0375 98.8222 
013 0.0334 99.0343 
014 0.0376 98.8196 
015 0.0323 98.9689 
016 0.0308 99.0735 
017 0.0439 98.6966 
018 0.0438 98.6547 
019 0.0424 98.7149 
020 0.0455 98.6861 
021 0.0425 98.6992 
022 0.0428 98.7437 
023 0.0407 98.8092 
024 0.0420 98.6731 
025 0.0376 98.8144 
026 0.0376 98.8772 
027 0.0380 98.8589 
028 0.0389 98.8170 
029 0.0348 98.9845 
030 0.0381 98.8301 
