001 2.7598 27.6408 
002 1.6669 53.3527 
003 1.2512 64.1672 
004 1.0086 71.3672 
005 0.8642 74.8848 
006 0.7068 79.4677 
007 0.6157 81.8965 
008 0.5482 83.7756 
009 0.5029 85.2858 
010 0.4186 87.7329 
011 0.4081 88.1622 
012 0.3605 89.4630 
013 0.3283 90.3712 
014 0.3015 91.1328 
015 0.2749 91.9363 
016 0.2555 92.5722 
017 0.2491 92.7188 
018 0.2162 93.5590 
019 0.2024 93.9542 
020 0.1991 94.0667 
021 0.1974 94.2526 
022 0.1737 94.7786 
023 0.1691 95.0586 
024 0.1713 95.0194 
025 0.1618 95.2418 
026 0.1394 95.7758 
027 0.1520 95.5455 
028 0.1392 95.8935 
029 0.1280 96.2468 
030 0.1294 96.1029 
