001 4.4953 4.5547 
002 3.2057 24.1458 
003 2.0620 46.1016 
004 1.4894 59.1172 
005 1.1508 67.4531 
006 0.9106 73.6849 
007 0.7682 77.8516 
008 0.6631 80.8229 
009 0.5688 83.2292 
010 0.4901 85.4375 
011 0.4426 87.0937 
012 0.4072 88.2083 
013 0.3645 89.0729 
014 0.3284 90.2656 
015 0.3123 90.6666 
016 0.2820 91.5573 
017 0.2625 92.1979 
018 0.2445 92.8490 
019 0.2283 93.1484 
020 0.2118 93.6042 
021 0.2004 94.0547 
022 0.1876 94.3281 
023 0.1857 94.4297 
024 0.1731 94.8724 
025 0.1625 95.0495 
026 0.1530 95.3698 
027 0.1433 95.6536 
028 0.1371 95.8542 
029 0.1366 95.8203 
030 0.1301 96.0911 
