001 3.7938 5.9036 
002 2.9734 21.6172 
003 2.4223 34.5495 
004 2.1036 42.4245 
005 1.8783 47.7865 
006 1.6842 52.7057 
007 1.5420 56.4349 
008 1.4305 59.4349 
009 1.3370 61.8672 
010 1.2293 64.7526 
011 1.1644 66.2839 
012 1.0896 68.6667 
013 1.0198 70.5625 
014 0.9680 71.6927 
015 0.9241 73.1432 
016 0.8576 74.9297 
017 0.8117 76.3646 
018 0.7827 77.2370 
019 0.7431 78.1172 
020 0.7023 79.3516 
021 0.6705 80.3568 
022 0.6495 80.5625 
023 0.6237 81.5130 
024 0.5835 82.6823 
025 0.5797 82.8568 
026 0.5447 83.8177 
027 0.5186 84.7318 
