001 0.1694 94.8937 
002 0.1567 95.2576 
003 0.1514 95.4015 
004 0.1441 95.6030 
005 0.1441 95.6815 
006 0.1429 95.7679 
007 0.1334 95.8830 
008 0.1378 95.8203 
009 0.1309 96.1526 
010 0.1319 96.0479 
011 0.1243 96.2181 
012 0.1315 96.1369 
013 0.1220 96.2259 
014 0.1238 96.2311 
015 0.1250 96.1762 
016 0.1182 96.5112 
017 0.1168 96.3463 
018 0.1156 96.5504 
019 0.1162 96.4824 
020 0.1180 96.3856 
021 0.1165 96.4379 
022 0.1123 96.5714 
023 0.1111 96.5190 
024 0.1169 96.4458 
025 0.1100 96.6368 
026 0.1080 96.7206 
027 0.1070 96.7572 
028 0.1050 96.6996 
029 0.1050 96.7494 
030 0.1257 96.2181 
