001 4.3045 6.3495 
002 2.8142 29.7556 
003 2.0227 46.0087 
004 1.5621 57.0247 
005 1.3004 63.4605 
006 1.1117 68.3207 
007 0.9704 71.9588 
008 0.8365 75.5260 
009 0.7627 77.6670 
010 0.7054 79.3656 
011 0.6334 81.4097 
012 0.5729 83.0768 
013 0.5253 84.2912 
014 0.4845 85.6103 
015 0.4463 86.6389 
016 0.4090 87.6675 
017 0.3880 88.4579 
018 0.3687 88.9290 
019 0.3539 89.4551 
020 0.3321 89.9942 
021 0.3167 90.5831 
022 0.2868 91.3604 
023 0.2832 91.4076 
024 0.2561 92.2320 
025 0.2502 92.4571 
026 0.2504 92.3288 
027 0.2309 92.9857 
028 0.2220 93.1664 
029 0.2207 93.4699 
030 0.2166 93.5066 
