001 0.5247 84.4168 
002 0.4710 86.2354 
003 0.4306 87.2622 
004 0.3920 88.4145 
005 0.3735 88.9188 
006 0.3447 89.6739 
007 0.4191 87.3746 
008 0.4120 87.8344 
009 0.3983 88.2447 
010 0.3929 88.3832 
011 0.3784 88.8326 
012 0.3615 89.2349 
013 0.3596 89.1722 
014 0.3441 89.7810 
015 0.3453 89.6269 
016 0.3330 90.0737 
017 0.3285 90.1651 
018 0.3154 90.6145 
019 0.3186 90.5518 
020 0.3035 91.0744 
021 0.2996 91.0744 
022 0.2918 91.2652 
023 0.2767 91.5473 
024 0.2827 91.5500 
025 0.2698 91.9419 
026 0.2645 92.1379 
027 0.2575 92.2371 
028 0.2514 92.5429 
029 0.2516 92.4514 
030 0.2439 92.6369 
