001 3.7424 7.1380 
002 2.9310 22.6615 
003 2.4161 34.5312 
004 2.1044 41.9818 
005 1.8983 47.3021 
006 1.7409 51.2865 
007 1.6118 54.6901 
008 1.4885 58.1536 
009 1.3991 60.5208 
010 1.3086 62.7630 
011 1.2515 64.2708 
012 1.1509 67.2370 
013 1.1092 68.2396 
014 1.0516 69.8073 
015 0.9908 71.5859 
016 0.9491 72.7474 
017 0.9075 73.6875 
018 0.8574 75.1823 
019 0.8273 75.9661 
020 0.7901 76.9583 
021 0.7549 77.9115 
022 0.7236 78.8828 
023 0.6893 79.9219 
024 0.6756 80.2135 
025 0.6560 80.8385 
026 0.6295 81.6354 
027 0.5956 82.3411 
028 0.5799 82.9089 
029 0.5679 83.2812 
030 0.5476 83.8385 
