001 2.7526 27.5885 
002 1.6147 54.8681 
003 1.2394 64.7090 
004 0.9934 71.4118 
005 0.8328 75.7590 
006 0.7115 79.2478 
007 0.6035 82.2760 
008 0.5362 84.2598 
009 0.4836 85.7778 
010 0.4201 87.5916 
011 0.3815 88.8584 
012 0.3609 89.3582 
013 0.3331 90.2377 
014 0.2985 91.2767 
015 0.2828 91.6536 
016 0.2514 92.6586 
017 0.2404 92.9858 
018 0.2245 93.4543 
019 0.2111 93.8416 
020 0.1978 94.0458 
021 0.1934 94.1661 
022 0.1887 94.2813 
023 0.1671 95.1214 
024 0.1584 95.3098 
025 0.1499 95.4591 
026 0.1519 95.3309 
027 0.1398 95.8098 
028 0.1363 95.9616 
029 0.1311 96.1343 
030 0.1277 96.2076 
