001 0.1830 94.4462 
002 0.1753 94.7550 
003 0.1632 95.0900 
004 0.1612 95.0534 
005 0.1572 95.2104 
006 0.1559 95.1868 
007 0.1525 95.3622 
008 0.1469 95.6239 
009 0.1456 95.5272 
010 0.1444 95.5454 
011 0.1406 95.7600 
012 0.1363 95.7679 
013 0.1318 96.1422 
014 0.1338 95.8883 
015 0.1335 95.9825 
016 0.1304 95.9982 
017 0.1264 96.1866 
018 0.1307 96.0584 
019 0.1281 96.0820 
020 0.1257 96.1317 
021 0.1244 96.2286 
022 0.1261 96.1186 
023 0.1211 96.2966 
024 0.1196 96.3385 
025 0.1158 96.4170 
026 0.1448 95.5219 
027 0.1370 95.8333 
028 0.1371 95.8961 
029 0.1414 95.7156 
030 0.1373 95.7679 
