001 0.0388 98.9034 
002 0.0309 99.0683 
003 0.0265 99.2357 
004 0.0261 99.1808 
005 0.0240 99.3326 
006 0.0241 99.2645 
007 0.0235 99.2776 
008 0.0183 99.4451 
009 0.0213 99.3954 
010 0.0197 99.4294 
011 0.0188 99.4085 
012 0.0196 99.4138 
013 0.0202 99.3823 
014 0.0183 99.4503 
015 0.0190 99.4242 
016 0.0191 99.4504 
017 0.0175 99.5080 
018 0.0171 99.4870 
019 0.0170 99.4792 
020 0.0174 99.4190 
021 0.0177 99.4556 
022 0.0179 99.4713 
023 0.0169 99.4870 
024 0.0136 99.6048 
025 0.0163 99.4897 
026 0.0159 99.5473 
027 0.0148 99.5498 
028 0.0138 99.5865 
029 0.0184 99.4504 
030 0.0195 99.4007 
