001 4.4640 4.8828 
002 3.1168 25.8307 
003 2.0039 47.1458 
004 1.4377 60.6510 
005 1.1383 67.9609 
006 0.9199 73.5391 
007 0.7602 78.0417 
008 0.6423 81.0000 
009 0.5644 83.4479 
010 0.5052 85.0990 
011 0.4365 87.1536 
012 0.4073 87.9531 
013 0.3657 89.0807 
014 0.3222 90.4219 
015 0.2991 91.0807 
016 0.2833 91.6901 
017 0.2630 92.0938 
018 0.2386 92.8854 
019 0.2267 93.1771 
020 0.2121 93.5677 
021 0.2028 93.8516 
022 0.1895 94.3359 
023 0.1843 94.4635 
024 0.1676 94.8724 
025 0.1600 95.1745 
026 0.1522 95.3307 
027 0.1392 95.8125 
028 0.1407 95.7370 
029 0.1423 95.7578 
030 0.1218 96.3177 
