001 0.1812 94.4593 
002 0.1679 94.9460 
003 0.1701 94.9723 
004 0.1594 95.1842 
005 0.1591 95.2654 
006 0.1564 95.2942 
007 0.1480 95.4905 
008 0.1505 95.3046 
009 0.1423 95.6318 
010 0.1426 95.6292 
011 0.1434 95.7130 
012 0.1444 95.5297 
013 0.1368 95.8726 
014 0.1410 95.6397 
015 0.1351 95.8752 
016 0.1365 95.9380 
017 0.1323 96.0584 
018 0.1382 95.8700 
019 0.1337 95.9694 
020 0.1305 96.1081 
021 0.1289 96.1134 
022 0.1253 96.1683 
023 0.1332 96.0087 
024 0.1349 95.9171 
025 0.1195 96.4379 
026 0.1154 96.4510 
027 0.1183 96.3672 
028 0.1259 96.2050 
029 0.1196 96.3202 
030 0.1362 95.7732 
