001 3.0060 30.5000 
002 0.9620 72.9635 
003 0.5443 83.9453 
004 0.3922 88.4010 
005 0.2865 91.5599 
006 0.2374 92.9010 
007 0.1875 94.3021 
008 0.1733 94.7005 
009 0.1461 95.6120 
010 0.1305 96.0521 
011 0.1149 96.5078 
012 0.1032 96.8464 
013 0.0893 97.3047 
014 0.0846 97.4479 
015 0.0772 97.6693 
016 0.0719 97.8359 
017 0.0651 97.9609 
018 0.0642 98.0625 
019 0.0553 98.2969 
020 0.0570 98.2604 
021 0.0525 98.3854 
022 0.0446 98.6615 
023 0.0442 98.6849 
024 0.0464 98.6146 
025 0.0408 98.7266 
026 0.0445 98.6615 
027 0.0348 98.9323 
028 0.0385 98.8724 
029 0.0351 98.9323 
030 0.0389 98.8516 
