001 2.9608 31.4349 
002 0.9375 73.3672 
003 0.5509 83.7812 
004 0.3790 88.7370 
005 0.2973 91.2318 
006 0.2365 92.9036 
007 0.1999 94.1120 
008 0.1659 95.0990 
009 0.1420 95.6458 
010 0.1269 96.1641 
011 0.1146 96.5495 
012 0.1014 96.8984 
013 0.0877 97.3516 
014 0.0814 97.4974 
015 0.0709 97.8958 
016 0.0682 97.9115 
017 0.0638 98.1458 
018 0.0613 98.1484 
019 0.0581 98.1901 
020 0.0511 98.3958 
021 0.0505 98.4635 
022 0.0490 98.5104 
023 0.0433 98.5755 
024 0.0459 98.6042 
025 0.0462 98.5885 
026 0.0361 98.8802 
027 0.0390 98.8177 
028 0.0350 98.9219 
029 0.0351 98.9271 
030 0.0329 98.9714 
