001 1.3184 62.7422 
002 1.2870 63.4661 
003 1.2571 63.9714 
004 1.2208 65.2031 
005 1.2048 65.3984 
006 1.1850 66.1589 
007 1.1762 66.4948 
008 1.1535 66.7135 
009 1.2110 65.3750 
010 1.1972 65.8021 
011 1.1913 66.0234 
012 1.1629 66.5677 
013 1.1579 66.5000 
014 1.1482 67.2656 
015 1.1412 67.2734 
016 1.1252 67.5755 
017 1.1162 68.2943 
018 1.1169 68.0807 
019 1.1023 68.3932 
020 1.0837 68.7839 
021 1.0790 68.9922 
022 1.0734 69.1979 
023 1.0503 69.6276 
024 1.0603 69.7005 
025 1.0417 69.9349 
026 1.0404 70.4323 
027 1.0215 70.5156 
028 1.0046 70.9974 
029 1.0164 70.9479 
030 0.9995 71.0781 
