001 0.5583 83.6029 
002 0.4974 85.5449 
003 0.4646 86.2149 
004 0.4326 87.1990 
005 0.3969 88.2564 
006 0.3822 88.6699 
007 0.4490 86.7436 
008 0.4291 87.3273 
009 0.4241 87.4241 
010 0.4063 87.9685 
011 0.3968 88.3375 
012 0.3801 88.8584 
013 0.3659 88.9944 
014 0.3639 89.2091 
015 0.3585 89.4106 
016 0.3429 89.7325 
017 0.3353 89.9262 
018 0.3250 90.3110 
019 0.3129 90.5857 
020 0.3199 90.6172 
021 0.3116 90.7402 
022 0.2980 91.0751 
023 0.2980 91.1406 
024 0.2847 91.3892 
025 0.2902 91.3500 
026 0.2755 91.8421 
027 0.2735 91.9258 
028 0.2752 91.7818 
029 0.2591 92.3445 
030 0.2599 92.2372 
