001 3.7667 6.6797 
002 2.9088 22.9089 
003 2.4053 34.8151 
004 2.0980 42.4948 
005 1.8880 47.7214 
006 1.7022 52.3177 
007 1.5667 55.7422 
008 1.4734 58.3307 
009 1.3693 61.2865 
010 1.2788 63.3828 
011 1.1998 65.5052 
012 1.1292 67.4115 
013 1.0792 68.3724 
014 1.0317 70.3984 
015 0.9713 71.4974 
016 0.9190 73.1797 
017 0.8620 74.8073 
018 0.8291 75.6354 
019 0.7809 77.1354 
020 0.7550 77.8880 
021 0.7517 77.9036 
022 0.7062 79.2526 
023 0.6648 80.3802 
024 0.6487 80.7552 
025 0.6224 81.5104 
026 0.5891 82.3880 
027 0.5589 83.5000 
028 0.5443 83.9297 
029 0.5398 83.9948 
030 0.5244 84.5651 
