001 2.9043 24.1534 
002 1.7069 52.5685 
003 1.2698 64.1383 
004 1.0097 70.5581 
005 0.8479 75.5827 
006 0.7133 79.2172 
007 0.6170 81.6811 
008 0.5226 84.6807 
009 0.4653 86.1936 
010 0.4112 87.8736 
011 0.3567 89.4806 
012 0.3268 90.3428 
013 0.2992 91.2312 
014 0.2732 91.8922 
015 0.2449 92.7597 
016 0.2281 93.2091 
017 0.2187 93.6011 
018 0.1995 94.0165 
019 0.1881 94.4633 
020 0.1746 94.7272 
021 0.1669 95.0068 
022 0.1553 95.4458 
023 0.1392 95.8612 
024 0.1375 95.9370 
025 0.1282 96.1774 
026 0.1284 96.1460 
027 0.1170 96.5850 
028 0.1127 96.7208 
029 0.1079 96.7626 
030 0.1047 96.8567 
