001 0.1166 96.6006 
002 0.1036 96.9325 
003 0.0917 97.2591 
004 0.0876 97.3610 
005 0.0919 97.1912 
006 0.0909 97.2826 
007 0.0892 97.3166 
008 0.0828 97.5152 
009 0.0797 97.5517 
010 0.0866 97.3871 
011 0.0745 97.6850 
012 0.0773 97.7477 
013 0.0773 97.6928 
014 0.0739 97.7346 
015 0.0761 97.7425 
016 0.0779 97.6928 
017 0.0758 97.6772 
018 0.0746 97.7764 
019 0.0760 97.7608 
020 0.0741 97.8261 
021 0.0701 97.8496 
022 0.0726 97.8627 
023 0.0695 97.9123 
024 0.0682 97.8836 
025 0.0646 97.9881 
026 0.0654 97.9985 
027 0.0671 97.9515 
028 0.0647 98.0325 
029 0.0634 98.0821 
030 0.0677 97.9646 
