001 2.9944 23.0365 
002 1.5970 55.7839 
003 1.1727 66.5990 
004 0.8967 74.1979 
005 0.7490 78.0755 
006 0.6291 81.4661 
007 0.5446 83.8984 
008 0.4653 86.3516 
009 0.4234 87.5833 
010 0.3633 89.2292 
011 0.3320 90.1667 
012 0.2854 91.6406 
013 0.2615 92.0859 
014 0.2411 92.8385 
015 0.2176 93.4427 
016 0.2020 94.0417 
017 0.1925 94.1667 
018 0.1727 94.7604 
019 0.1633 95.0990 
020 0.1465 95.6719 
021 0.1432 95.7604 
022 0.1315 95.9661 
023 0.1232 96.3229 
024 0.1169 96.4635 
025 0.1096 96.6745 
026 0.1031 96.9193 
027 0.0964 97.1198 
028 0.0900 97.1641 
029 0.0906 97.2161 
030 0.0908 97.2604 
