001 3.7958 6.0651 
002 3.0001 20.6198 
003 2.4494 33.4323 
004 2.1219 41.7109 
005 1.9034 47.2057 
006 1.7243 51.5443 
007 1.5894 55.1771 
008 1.4618 58.7083 
009 1.3775 60.9583 
010 1.2601 64.1198 
011 1.1977 65.7031 
012 1.1198 67.6120 
013 1.0617 69.1224 
014 1.0015 71.0599 
015 0.9556 72.3385 
016 0.8947 73.9349 
017 0.8579 74.8568 
018 0.8069 76.6120 
019 0.7842 77.0130 
020 0.7526 77.9766 
021 0.7141 79.2057 
022 0.6731 80.0599 
023 0.6514 80.7865 
024 0.6226 81.6302 
025 0.6019 82.1354 
026 0.5752 83.0859 
027 0.5587 83.7135 
028 0.5213 84.4089 
029 0.5022 85.1797 
030 0.5051 85.1406 
