001 0.0255 99.2292 
002 0.0211 99.3490 
003 0.0192 99.4219 
004 0.0179 99.4349 
005 0.0196 99.4245 
006 0.0170 99.4635 
007 0.0184 99.4505 
008 0.0173 99.4844 
009 0.0166 99.5234 
010 0.0164 99.5000 
011 0.0164 99.5286 
012 0.0146 99.5599 
013 0.0144 99.5755 
014 0.0144 99.5339 
015 0.0150 99.5208 
016 0.0152 99.5443 
017 0.0152 99.5391 
018 0.0131 99.5911 
019 0.0157 99.5000 
020 0.0150 99.5208 
021 0.0154 99.5052 
022 0.0135 99.5964 
023 0.0134 99.5755 
024 0.0144 99.5599 
025 0.0114 99.6432 
026 0.0142 99.5391 
027 0.0175 99.4766 
028 0.0181 99.4453 
029 0.0178 99.4740 
030 0.0186 99.4896 
