001 0.1308 95.9896 
002 0.1254 96.2161 
003 0.1197 96.3255 
004 0.1187 96.4974 
005 0.1116 96.7578 
006 0.1156 96.4896 
007 0.1143 96.5781 
008 0.1144 96.5365 
009 0.1100 96.6823 
010 0.1022 96.9557 
011 0.1067 96.7161 
012 0.1135 96.5547 
013 0.1013 96.9818 
014 0.1047 96.8854 
015 0.1015 96.8880 
016 0.1011 97.0130 
017 0.1038 96.8568 
018 0.1032 96.9193 
019 0.1003 96.9635 
020 0.0996 96.9714 
021 0.1014 97.0156 
022 0.0970 97.0391 
023 0.0994 97.0208 
024 0.0952 97.1771 
025 0.0970 97.1537 
026 0.0915 97.3594 
027 0.0944 97.1537 
028 0.0967 97.0964 
029 0.1000 97.0234 
030 0.1034 96.9062 
