001 4.3049 7.0038 
002 2.7138 32.0718 
003 1.8724 49.8639 
004 1.4708 59.4980 
005 1.2431 64.8582 
006 1.0441 70.1895 
007 0.9040 73.8772 
008 0.8218 76.1176 
009 0.7010 79.2897 
010 0.6542 80.8548 
011 0.5986 82.4016 
012 0.5531 83.5349 
013 0.4885 85.5423 
014 0.4603 86.2463 
015 0.4383 86.8483 
016 0.4005 88.0208 
017 0.3902 88.4030 
018 0.3622 89.2117 
019 0.3375 89.8294 
020 0.3281 90.2114 
021 0.3040 90.9757 
022 0.3040 90.8632 
023 0.2743 91.8028 
024 0.2708 91.6824 
025 0.2493 92.4257 
026 0.2337 92.8889 
027 0.2318 92.9962 
028 0.2173 93.2187 
029 0.2129 93.5747 
030 0.2086 93.6427 
