001 3.8970 5.2057 
002 3.2131 17.1667 
003 2.5349 32.3047 
004 2.1340 41.9401 
005 1.8450 48.8880 
006 1.6321 54.8438 
007 1.4885 58.3333 
008 1.3609 61.6276 
009 1.2405 64.9688 
010 1.1577 66.9505 
011 1.0706 69.2708 
012 1.0142 70.8177 
013 0.9462 72.7865 
014 0.8890 74.3672 
015 0.8273 76.0078 
016 0.7899 77.1198 
017 0.7526 78.1094 
018 0.7173 79.1589 
019 0.6694 80.5234 
020 0.6338 81.4297 
021 0.6059 82.0365 
022 0.5786 82.8307 
023 0.5628 83.4844 
024 0.5246 84.6302 
025 0.5191 84.7526 
026 0.4866 85.6875 
027 0.4634 86.3125 
028 0.4380 87.2292 
029 0.4315 87.4375 
030 0.4092 88.2552 
