001 2.7684 33.5061 
002 1.0877 69.4514 
003 0.7119 79.5985 
004 0.5213 84.6551 
005 0.4268 87.4817 
006 0.3433 89.8791 
007 0.2651 92.0540 
008 0.2454 92.5539 
009 0.2096 93.7395 
010 0.1847 94.4305 
011 0.1647 95.1031 
012 0.1560 95.2549 
013 0.1305 96.0558 
014 0.1270 96.2495 
015 0.1180 96.3908 
016 0.1124 96.6892 
017 0.1015 96.9980 
018 0.0966 97.0661 
019 0.0926 97.2676 
020 0.0885 97.3278 
021 0.0856 97.4691 
022 0.0757 97.6157 
023 0.0747 97.8198 
024 0.0697 97.9167 
025 0.0652 98.0266 
026 0.0639 98.0946 
027 0.0609 98.1758 
028 0.0536 98.3486 
029 0.0504 98.4506 
030 0.0520 98.3407 
