001 4.5479 3.5964 
002 3.5352 18.5104 
003 2.5098 36.1250 
004 1.8972 49.3906 
005 1.5222 58.4609 
006 1.2766 64.7734 
007 1.0760 69.5287 
008 0.9280 73.6120 
009 0.8050 76.6068 
010 0.7169 79.2656 
011 0.6406 81.2422 
012 0.5833 83.4401 
013 0.5296 84.4896 
014 0.4819 85.6901 
015 0.4479 86.9792 
016 0.4088 87.8594 
017 0.3893 88.3568 
018 0.3575 89.4375 
019 0.3306 90.1380 
020 0.3147 90.7448 
021 0.2886 91.3229 
022 0.2808 91.7865 
023 0.2619 92.1797 
024 0.2544 92.4896 
025 0.2446 92.7578 
026 0.2277 93.1589 
027 0.2098 93.8229 
028 0.2111 93.7682 
029 0.1937 94.1693 
030 0.1868 94.3776 
