001 1.1276 67.5911 
002 1.1055 68.2344 
003 1.0682 69.2865 
004 1.0457 69.6562 
005 1.0280 70.1615 
006 0.9926 71.4661 
007 1.0003 70.8073 
008 0.9875 71.5573 
009 0.9801 71.6823 
010 0.9567 71.9062 
011 1.0148 70.8333 
012 1.0024 71.0156 
013 0.9979 71.2891 
014 0.9970 71.1016 
015 0.9868 71.2786 
016 0.9689 71.6823 
017 0.9540 72.4974 
018 0.9518 72.2604 
019 0.9369 72.7526 
020 0.9256 73.2161 
021 0.9314 72.9036 
022 0.9236 73.1615 
023 0.9151 73.2969 
024 0.9008 73.8073 
025 0.9222 73.1510 
026 0.8924 73.9844 
027 0.8879 74.1172 
028 0.8716 74.7344 
029 0.8671 74.5260 
030 0.8818 74.3021 
