001 0.9097 73.9479 
002 0.8249 76.0339 
003 0.7672 77.4870 
004 0.8095 76.5286 
005 0.7874 77.0234 
006 0.7616 77.8073 
007 0.7534 78.0651 
008 0.7242 78.7083 
009 0.7071 79.1068 
010 0.6757 80.4427 
011 0.6541 80.6406 
012 0.6352 81.3672 
013 0.6211 81.7995 
014 0.6067 82.2057 
015 0.5936 82.4609 
016 0.5800 83.0573 
017 0.5567 83.3542 
018 0.5591 83.5469 
019 0.5326 84.2318 
020 0.5295 84.4714 
021 0.5056 84.9661 
022 0.4953 85.3516 
023 0.4913 85.4349 
024 0.4755 85.9635 
025 0.4608 86.2578 
026 0.4505 86.6068 
027 0.4267 87.2865 
028 0.4212 87.5208 
029 0.4344 86.9661 
030 0.4164 87.6276 
