001 0.7778 77.1399 
002 0.6979 79.4654 
003 0.6306 81.0749 
004 0.5758 83.1469 
005 0.6709 80.1604 
006 0.6301 81.4460 
007 0.6258 81.5217 
008 0.6109 81.9529 
009 0.5975 82.3134 
010 0.5706 83.0268 
011 0.5582 83.5206 
012 0.5381 84.0275 
013 0.5196 84.5527 
014 0.5116 84.7486 
015 0.4965 85.1824 
016 0.4733 85.8304 
017 0.4631 86.1805 
018 0.4554 86.6404 
019 0.4341 87.1551 
020 0.4287 87.4190 
021 0.4130 87.8214 
022 0.4131 87.8135 
023 0.3895 88.3675 
024 0.3889 88.4459 
025 0.3873 88.4772 
026 0.3704 88.9841 
027 0.3519 89.4544 
028 0.3388 89.9744 
029 0.3414 89.5851 
030 0.3378 89.7810 
