001 0.0300 99.0625 
002 0.0238 99.2812 
003 0.0226 99.3203 
004 0.0227 99.3438 
005 0.0216 99.3594 
006 0.0195 99.4010 
007 0.0191 99.4245 
008 0.0212 99.4089 
009 0.0188 99.4297 
010 0.0159 99.5156 
011 0.0164 99.5495 
012 0.0178 99.4661 
013 0.0158 99.5260 
014 0.0172 99.4922 
015 0.0166 99.4948 
016 0.0155 99.5703 
017 0.0167 99.5339 
018 0.0162 99.4609 
019 0.0163 99.5365 
020 0.0166 99.5286 
021 0.0153 99.5365 
022 0.0149 99.5234 
023 0.0156 99.5156 
024 0.0137 99.5833 
025 0.0147 99.6016 
026 0.0140 99.5365 
027 0.0189 99.4141 
028 0.0222 99.3516 
029 0.0197 99.4271 
030 0.0185 99.4792 
